Arguments: 
  C:\Program Files\nodejs\node.exe C:\Users\akashvarde\AppData\Roaming\npm\node_modules\yarn\bin\yarn.js install

PATH: 
  C:\Python38\Scripts\;C:\Python38\;C:\Program Files (x86)\Common Files\Oracle\Java\javapath;C:\Program Files (x86)\Intel\Intel(R) Management Engine Components\iCLS\;C:\Program Files\Intel\Intel(R) Management Engine Components\iCLS\;C:\Windows\system32;C:\Windows;C:\Windows\System32\Wbem;C:\Windows\System32\WindowsPowerShell\v1.0\;C:\Windows\System32\OpenSSH\;C:\Program Files (x86)\NVIDIA Corporation\PhysX\Common;C:\Program Files (x86)\Intel\Intel(R) Management Engine Components\DAL;C:\Program Files\Intel\Intel(R) Management Engine Components\DAL;C:\Program Files (x86)\Intel\Intel(R) Management Engine Components\IPT;C:\Program Files\Intel\Intel(R) Management Engine Components\IPT;C:\Program Files\NVIDIA Corporation\NVIDIA NvDLISR;C:\Program Files (x86)\Brackets\command;C:\Program Files\dotnet\;C:\Program Files\Microsoft SQL Server\130\Tools\Binn\;C:\Program Files\Microsoft SQL Server\Client SDK\ODBC\170\Tools\Binn\;C:\Program Files\nodejs\;C:\ProgramData\chocolatey\bin;C:\Program Files\Git\cmd;C:\Program Files\Docker\Docker\resources\bin;C:\ProgramData\DockerDesktop\version-bin;C:\Users\akashvarde\AppData\Local\Microsoft\WindowsApps;C:\Users\akashvarde\AppData\Local\Programs\Microsoft VS Code\bin;C:\Users\akashvarde\AppData\Roaming\npm

Yarn version: 
  1.22.4

Node version: 
  12.16.2

Platform: 
  win32 x64

Trace: 
  Error: https://registry.yarnpkg.com/rxjs/-/rxjs-6.5.5.tgz: ESOCKETTIMEDOUT
      at ClientRequest.<anonymous> (C:\Users\akashvarde\AppData\Roaming\npm\node_modules\yarn\lib\cli.js:141375:19)
      at Object.onceWrapper (events.js:416:28)
      at ClientRequest.emit (events.js:310:20)
      at TLSSocket.emitRequestTimeout (_http_client.js:714:9)
      at Object.onceWrapper (events.js:416:28)
      at TLSSocket.emit (events.js:310:20)
      at TLSSocket.Socket._onTimeout (net.js:479:8)
      at listOnTimeout (internal/timers.js:549:17)
      at processTimers (internal/timers.js:492:7)

npm manifest: 
  {
    "name": "mern-auth",
    "version": "1.0.0",
    "description": "Mern Auth Example",
    "main": "server.js",
    "scripts": {
      "client-install": "npm install --prefix client",
      "start": "node server.js",
      "server": "nodemon server.js",
      "client": "npm start --prefix client",
      "dev": "concurrently \"npm run server\" \"npm run client\""
    },
    "author": "",
    "license": "MIT",
    "dependencies": {
      "@material-ui/core": "^4.10.0",
      "@material-ui/icons": "^4.9.1",
      "axios": "^0.19.2",
      "bcryptjs": "^2.4.3",
      "body-parser": "^1.18.3",
      "classnames": "^2.2.6",
      "concurrently": "^4.0.1",
      "express": "^4.16.4",
      "is-empty": "^1.2.0",
      "jsonwebtoken": "^8.3.0",
      "jwt-decode": "^2.2.0",
      "material-ui-icons": "^1.0.0-beta.36",
      "mongoose": "^5.3.11",
      "passport": "^0.4.0",
      "passport-jwt": "^4.0.0",
      "react": "^16.13.1",
      "react-redux": "^7.2.0",
      "react-router-dom": "^5.1.2",
      "react-scripts": "^3.4.1",
      "redux": "^4.0.5",
      "redux-thunk": "^2.3.0",
      "validator": "^10.9.0"
    }
  }

yarn manifest: 
  No manifest

Lockfile: 
  No lockfile
